<?xml version="1.0" encoding="UTF-8"?>
<!-- Generated by org.testng.reporters.JUnitReportReporter -->
<testsuite hostname="Shreyanvi" failures="0" tests="1" name="testCases.TC001_RegistrationTestCase" time="13.262" errors="0" timestamp="2024-02-20T16:58:26 IST" skipped="0">
  <testcase classname="testCases.TC001_RegistrationTestCase" name="verify_register_account" time="13.262"/>
</testsuite> <!-- testCases.TC001_RegistrationTestCase -->
