<?xml version="1.0" encoding="UTF-8"?>
<!-- Generated by org.testng.reporters.JUnitReportReporter -->
<testsuite hostname="Shreyanvi" failures="0" tests="1" name="testCases.TC002_LoginTestCase" time="4.631" errors="0" timestamp="2024-02-20T16:58:26 IST" skipped="0">
  <testcase classname="testCases.TC002_LoginTestCase" name="validate_login" time="4.631"/>
</testsuite> <!-- testCases.TC002_LoginTestCase -->
