<?xml version="1.0" encoding="UTF-8"?>
<!-- Generated by org.testng.reporters.JUnitReportReporter -->
<testsuite hostname="Shreyanvi" failures="0" tests="1" name="testCases.RegistrationTestCase" time="8.402" errors="0" timestamp="2024-02-19T12:44:58 IST" skipped="0">
  <testcase classname="testCases.RegistrationTestCase" name="verify_register_account" time="8.402"/>
</testsuite> <!-- testCases.RegistrationTestCase -->
