<?xml version="1.0" encoding="UTF-8"?>
<!-- Generated by org.testng.reporters.JUnitReportReporter -->
<testsuite hostname="Shreyanvi" failures="0" tests="1" name="testCases.TC001_RegistrationTestCase" time="11.293" errors="0" timestamp="2024-02-21T15:02:04 IST" skipped="0">
  <testcase classname="testCases.TC001_RegistrationTestCase" name="verify_register_account" time="11.293"/>
</testsuite> <!-- testCases.TC001_RegistrationTestCase -->
