<?xml version="1.0" encoding="UTF-8"?>
<!-- Generated by org.testng.reporters.JUnitReportReporter -->
<testsuite hostname="Shreyanvi" failures="0" tests="1" name="testCases.TC002_LoginTestCase" time="5.923" errors="0" timestamp="2024-02-21T15:02:04 IST" skipped="0">
  <testcase classname="testCases.TC002_LoginTestCase" name="validate_login" time="5.923"/>
</testsuite> <!-- testCases.TC002_LoginTestCase -->
